{
  "stats": {
    "suites": 1,
    "tests": 7,
    "passes": 7,
    "pending": 0,
    "failures": 0,
    "start": "2024-12-13T20:12:34.890Z",
    "end": "2024-12-13T20:13:04.065Z",
    "duration": 29175,
    "testsRegistered": 7,
    "passPercent": 100,
    "pendingPercent": 0,
    "other": 0,
    "hasOther": false,
    "skipped": 0,
    "hasSkipped": false
  },
  "results": [
    {
      "uuid": "636c2396-9499-4aea-876f-aeccda0dfc4a",
      "title": "",
      "fullFile": "cypress\\e2e\\UI_test\\produtos_ui.cy.js",
      "file": "cypress\\e2e\\UI_test\\produtos_ui.cy.js",
      "beforeHooks": [],
      "afterHooks": [],
      "tests": [],
      "suites": [
        {
          "uuid": "7a186733-f2f4-4fd6-9d16-9dc08dbd9cef",
          "title": "Cadastro de Produtos - UI Tests",
          "fullFile": "",
          "file": "",
          "beforeHooks": [],
          "afterHooks": [],
          "tests": [
            {
              "title": "deve exibir a página de cadastro de produtos corretamente @ui @smoke",
              "fullTitle": "Cadastro de Produtos - UI Tests deve exibir a página de cadastro de produtos corretamente @ui @smoke",
              "timedOut": null,
              "duration": 2951,
              "state": "passed",
              "speed": "fast",
              "pass": true,
              "fail": false,
              "pending": false,
              "context": null,
              "code": "_produtosPage.default.nomeProdutoInput.should('be.visible');\n_produtosPage.default.descricaoInput.should('be.visible');\n_produtosPage.default.precoInput.should('be.visible');\n_produtosPage.default.quantidadeInput.should('be.visible');\n_produtosPage.default.salvarButton.should('be.visible');",
              "err": {},
              "uuid": "512f42dc-86e1-4c01-89eb-e787820a5c46",
              "parentUUID": "7a186733-f2f4-4fd6-9d16-9dc08dbd9cef",
              "isHook": false,
              "skipped": false
            },
            {
              "title": "deve cadastrar um novo produto com sucesso @ui @produtos",
              "fullTitle": "Cadastro de Produtos - UI Tests deve cadastrar um novo produto com sucesso @ui @produtos",
              "timedOut": null,
              "duration": 4499,
              "state": "passed",
              "speed": "fast",
              "pass": true,
              "fail": false,
              "pending": false,
              "context": null,
              "code": "cy.log('Criando novo produto com os dados:');\ncy.log(`Nome: ${produtoValido.nome}`);\ncy.log(`Descrição: ${produtoValido.descricao}`);\ncy.log(`Preço: R$ ${produtoValido.preco}`);\ncy.log(`Quantidade: ${produtoValido.quantidade}`);\n_produtosPage.default.preencherFormulario(produtoValido.nome, produtoValido.descricao, produtoValido.preco, produtoValido.quantidade);\n_produtosPage.default.clickSalvar();\ncy.log('Produto cadastrado com sucesso!');",
              "err": {},
              "uuid": "ce4afba3-8e41-4e37-a3dc-fc7277cfaf6c",
              "parentUUID": "7a186733-f2f4-4fd6-9d16-9dc08dbd9cef",
              "isHook": false,
              "skipped": false
            },
            {
              "title": "deve exibir mensagens de erro ao tentar cadastrar produto sem preencher campos obrigatórios @ui @produtos @error",
              "fullTitle": "Cadastro de Produtos - UI Tests deve exibir mensagens de erro ao tentar cadastrar produto sem preencher campos obrigatórios @ui @produtos @error",
              "timedOut": null,
              "duration": 2077,
              "state": "passed",
              "speed": "fast",
              "pass": true,
              "fail": false,
              "pending": false,
              "context": null,
              "code": "_produtosPage.default.clickSalvar();\n// Verificar mensagens de validação\n_produtosPage.default.alertMessage.should('be.visible').and('contain', 'Nome é obrigatório').and('contain', 'Preco é obrigatório').and('contain', 'Quantidade é obrigatório');",
              "err": {},
              "uuid": "bab972e4-b3ec-4e10-b628-079854eaeabc",
              "parentUUID": "7a186733-f2f4-4fd6-9d16-9dc08dbd9cef",
              "isHook": false,
              "skipped": false
            },
            {
              "title": "deve validar formato do preço ao cadastrar produto @ui @produtos @error",
              "fullTitle": "Cadastro de Produtos - UI Tests deve validar formato do preço ao cadastrar produto @ui @produtos @error",
              "timedOut": null,
              "duration": 4188,
              "state": "passed",
              "speed": "fast",
              "pass": true,
              "fail": false,
              "pending": false,
              "context": null,
              "code": "_produtosPage.default.preencherFormulario(produtoValido.nome, produtoValido.descricao, 'abc', produtoValido.quantidade);\n_produtosPage.default.clickSalvar();\n// Verificar mensagem de erro\n// Não é possivel inserir letras no campo preço, ao tentar inserir letras, o campo fica vazio e a mensagem de erro é \"Preco é obrigatório\"\n_produtosPage.default.alertMessage.should('be.visible').and('contain', 'Preco é obrigatório');",
              "err": {},
              "uuid": "69c3e74b-3118-4f10-964e-c72c1786f317",
              "parentUUID": "7a186733-f2f4-4fd6-9d16-9dc08dbd9cef",
              "isHook": false,
              "skipped": false
            },
            {
              "title": "deve validar quantidade mínima ao cadastrar produto @ui @produtos @error",
              "fullTitle": "Cadastro de Produtos - UI Tests deve validar quantidade mínima ao cadastrar produto @ui @produtos @error",
              "timedOut": null,
              "duration": 4224,
              "state": "passed",
              "speed": "fast",
              "pass": true,
              "fail": false,
              "pending": false,
              "context": null,
              "code": "_produtosPage.default.preencherFormulario(produtoValido.nome, produtoValido.descricao, produtoValido.preco, '-1');\n_produtosPage.default.clickSalvar();\n// Verificar mensagem de erro\n_produtosPage.default.alertMessage.should('be.visible').and('contain', 'Quantidade deve ser maior ou igual a 0');",
              "err": {},
              "uuid": "32756a12-68a2-48b8-acae-793dda6683f6",
              "parentUUID": "7a186733-f2f4-4fd6-9d16-9dc08dbd9cef",
              "isHook": false,
              "skipped": false
            },
            {
              "title": "deve fazer upload de imagem com sucesso @ui @produtos @imagem",
              "fullTitle": "Cadastro de Produtos - UI Tests deve fazer upload de imagem com sucesso @ui @produtos @imagem",
              "timedOut": null,
              "duration": 4038,
              "state": "passed",
              "speed": "fast",
              "pass": true,
              "fail": false,
              "pending": false,
              "context": null,
              "code": "cy.log('Criando produto com imagem:');\ncy.log(`Nome: ${produtoValido.nome}`);\n_produtosPage.default.preencherFormulario(produtoValido.nome, produtoValido.descricao, produtoValido.preco, produtoValido.quantidade, 'valido' // indica que deve usar imagem válida\n);\n_produtosPage.default.clickSalvar();\ncy.log('Produto com imagem cadastrado com sucesso!');",
              "err": {},
              "uuid": "60e00fe8-404e-4b3d-a6f6-521f90db4072",
              "parentUUID": "7a186733-f2f4-4fd6-9d16-9dc08dbd9cef",
              "isHook": false,
              "skipped": false
            },
            {
              "title": "deve validar formato de arquivo de imagem @ui @produtos @imagem @error",
              "fullTitle": "Cadastro de Produtos - UI Tests deve validar formato de arquivo de imagem @ui @produtos @imagem @error",
              "timedOut": null,
              "duration": 4189,
              "state": "passed",
              "speed": "fast",
              "pass": true,
              "fail": false,
              "pending": false,
              "context": null,
              "code": "_produtosPage.default.preencherFormulario(produtoValido.nome, produtoValido.descricao, produtoValido.preco, produtoValido.quantidade, 'invalido' // indica que deve usar imagem inválida\n);\n_produtosPage.default.clickSalvar();\n// Verifica mensagem de erro\n//TODO: Criar mensagem de validação de upload de imagem - Atualmente todo tipo de arquivo é aceito\n// ProdutosPage.alertMessage\n//     .should('be.visible')\n//     .and('contain', 'Formato de imagem inválido');",
              "err": {},
              "uuid": "29597679-22f4-4fc2-8f55-4646e9555353",
              "parentUUID": "7a186733-f2f4-4fd6-9d16-9dc08dbd9cef",
              "isHook": false,
              "skipped": false
            }
          ],
          "suites": [],
          "passes": [
            "512f42dc-86e1-4c01-89eb-e787820a5c46",
            "ce4afba3-8e41-4e37-a3dc-fc7277cfaf6c",
            "bab972e4-b3ec-4e10-b628-079854eaeabc",
            "69c3e74b-3118-4f10-964e-c72c1786f317",
            "32756a12-68a2-48b8-acae-793dda6683f6",
            "60e00fe8-404e-4b3d-a6f6-521f90db4072",
            "29597679-22f4-4fc2-8f55-4646e9555353"
          ],
          "failures": [],
          "pending": [],
          "skipped": [],
          "duration": 26166,
          "root": false,
          "rootEmpty": false,
          "_timeout": 2000
        }
      ],
      "passes": [],
      "failures": [],
      "pending": [],
      "skipped": [],
      "duration": 0,
      "root": true,
      "rootEmpty": true,
      "_timeout": 2000
    }
  ],
  "meta": {
    "mocha": {
      "version": "7.0.1"
    },
    "mochawesome": {
      "options": {
        "quiet": false,
        "reportFilename": "mochawesome",
        "saveHtml": true,
        "saveJson": true,
        "consoleReporter": "spec",
        "useInlineDiffs": false,
        "code": true
      },
      "version": "7.1.3"
    },
    "marge": {
      "options": {
        "reportDir": "cypress/reports",
        "overwrite": false,
        "html": true,
        "json": true
      },
      "version": "6.2.0"
    }
  }
}