{
  "stats": {
    "suites": 1,
    "tests": 5,
    "passes": 5,
    "pending": 0,
    "failures": 0,
    "start": "2024-12-13T20:10:19.539Z",
    "end": "2024-12-13T20:10:28.870Z",
    "duration": 9331,
    "testsRegistered": 5,
    "passPercent": 100,
    "pendingPercent": 0,
    "other": 0,
    "hasOther": false,
    "skipped": 0,
    "hasSkipped": false
  },
  "results": [
    {
      "uuid": "f3f36649-01a2-4673-a040-8e27b76da25d",
      "title": "",
      "fullFile": "cypress\\e2e\\UI_test\\login_ui.cy.js",
      "file": "cypress\\e2e\\UI_test\\login_ui.cy.js",
      "beforeHooks": [],
      "afterHooks": [],
      "tests": [],
      "suites": [
        {
          "uuid": "8f2da82b-2f60-482d-bcbf-19730e20fee1",
          "title": "Login - UI Tests",
          "fullFile": "",
          "file": "",
          "beforeHooks": [],
          "afterHooks": [],
          "tests": [
            {
              "title": "deve exibir a página de login corretamente @ui @smoke",
              "fullTitle": "Login - UI Tests deve exibir a página de login corretamente @ui @smoke",
              "timedOut": null,
              "duration": 1017,
              "state": "passed",
              "speed": "fast",
              "pass": true,
              "fail": false,
              "pending": false,
              "context": null,
              "code": "_loginPage.default.emailInput.should('be.visible');\n_loginPage.default.senhaInput.should('be.visible');\n_loginPage.default.entrarButton.should('be.visible');",
              "err": {},
              "uuid": "2594844b-a9c4-43f3-a0df-91aedea90c53",
              "parentUUID": "8f2da82b-2f60-482d-bcbf-19730e20fee1",
              "isHook": false,
              "skipped": false
            },
            {
              "title": "deve fazer login com sucesso @ui @login",
              "fullTitle": "Login - UI Tests deve fazer login com sucesso @ui @login",
              "timedOut": null,
              "duration": 2116,
              "state": "passed",
              "speed": "fast",
              "pass": true,
              "fail": false,
              "pending": false,
              "context": null,
              "code": "_loginPage.default.fillEmail(emailValido);\n_loginPage.default.fillSenha(senhaValida);\n_loginPage.default.clickEntrar();\n// Verificar se redirecionou para home após login\ncy.url().should('include', '/admin/home');",
              "err": {},
              "uuid": "c1f34e43-2cef-47ff-9e15-959b0cc86475",
              "parentUUID": "8f2da82b-2f60-482d-bcbf-19730e20fee1",
              "isHook": false,
              "skipped": false
            },
            {
              "title": "deve exibir mensagem de erro ao tentar login com credenciais inválidas @ui @login @error",
              "fullTitle": "Login - UI Tests deve exibir mensagem de erro ao tentar login com credenciais inválidas @ui @login @error",
              "timedOut": null,
              "duration": 1782,
              "state": "passed",
              "speed": "fast",
              "pass": true,
              "fail": false,
              "pending": false,
              "context": null,
              "code": "// Tentativa com email e senha inválidos\n_loginPage.default.fillEmail(emailInvalido);\n_loginPage.default.fillSenha(senhaInvalida);\n_loginPage.default.clickEntrar();\n// Verifica se a mensagem de erro aparece\n_loginPage.default.alertMessage.should('be.visible').and('contain', 'Email e/ou senha inválidos');\n// Verifica se permanece na página de login\ncy.url().should('include', '/login');\n// Verifica se os valores permanecem nos campos\n_loginPage.default.emailInput.should('have.value', emailInvalido);\n_loginPage.default.senhaInput.should('have.value', senhaInvalida);",
              "err": {},
              "uuid": "d6894064-5f7e-4788-a78f-070a6c0ea638",
              "parentUUID": "8f2da82b-2f60-482d-bcbf-19730e20fee1",
              "isHook": false,
              "skipped": false
            },
            {
              "title": "deve exibir mensagem de erro ao tentar login com campos vazios @ui @login @error",
              "fullTitle": "Login - UI Tests deve exibir mensagem de erro ao tentar login com campos vazios @ui @login @error",
              "timedOut": null,
              "duration": 774,
              "state": "passed",
              "speed": "fast",
              "pass": true,
              "fail": false,
              "pending": false,
              "context": null,
              "code": "_loginPage.default.clickEntrar();\n// Verifica mensagens de validação\n_loginPage.default.alertMessage.should('be.visible').and('contain', 'Email é obrigatório').and('contain', 'Password é obrigatório');",
              "err": {},
              "uuid": "99bffd52-3464-435a-acbb-a640b54412e1",
              "parentUUID": "8f2da82b-2f60-482d-bcbf-19730e20fee1",
              "isHook": false,
              "skipped": false
            },
            {
              "title": "deve reproduzir bug: mensagem incorreta ao corrigir email após tentativa falha @ui @login @error @bug",
              "fullTitle": "Login - UI Tests deve reproduzir bug: mensagem incorreta ao corrigir email após tentativa falha @ui @login @error @bug",
              "timedOut": null,
              "duration": 2182,
              "state": "passed",
              "speed": "fast",
              "pass": true,
              "fail": false,
              "pending": false,
              "context": null,
              "code": "// Primeira tentativa com email incorreto e senha correta\n_loginPage.default.fillEmail('email_incorreto@teste.com');\n_loginPage.default.fillSenha(senhaValida);\n_loginPage.default.clickEntrar();\n// Verifica primeira mensagem de erro\n_loginPage.default.alertMessage.should('be.visible').and('contain', 'Email e/ou senha inválidos');\n// Limpa e corrige o email\n_loginPage.default.emailInput.clear().type(emailValido);\n_loginPage.default.clickEntrar();\n// Bug: Verifica que aparece mensagem incorreta\n_loginPage.default.alertMessage.should('be.visible').and('contain', 'Password é obrigatório');",
              "err": {},
              "uuid": "28953822-dcb0-4688-8b9a-23ed624bf70d",
              "parentUUID": "8f2da82b-2f60-482d-bcbf-19730e20fee1",
              "isHook": false,
              "skipped": false
            }
          ],
          "suites": [],
          "passes": [
            "2594844b-a9c4-43f3-a0df-91aedea90c53",
            "c1f34e43-2cef-47ff-9e15-959b0cc86475",
            "d6894064-5f7e-4788-a78f-070a6c0ea638",
            "99bffd52-3464-435a-acbb-a640b54412e1",
            "28953822-dcb0-4688-8b9a-23ed624bf70d"
          ],
          "failures": [],
          "pending": [],
          "skipped": [],
          "duration": 7871,
          "root": false,
          "rootEmpty": false,
          "_timeout": 2000
        }
      ],
      "passes": [],
      "failures": [],
      "pending": [],
      "skipped": [],
      "duration": 0,
      "root": true,
      "rootEmpty": true,
      "_timeout": 2000
    }
  ],
  "meta": {
    "mocha": {
      "version": "7.0.1"
    },
    "mochawesome": {
      "options": {
        "quiet": false,
        "reportFilename": "mochawesome",
        "saveHtml": true,
        "saveJson": true,
        "consoleReporter": "spec",
        "useInlineDiffs": false,
        "code": true
      },
      "version": "7.1.3"
    },
    "marge": {
      "options": {
        "reportDir": "cypress/reports",
        "overwrite": false,
        "html": true,
        "json": true
      },
      "version": "6.2.0"
    }
  }
}