{
  "stats": {
    "suites": 1,
    "tests": 5,
    "passes": 5,
    "pending": 0,
    "failures": 0,
    "start": "2024-12-13T17:41:47.352Z",
    "end": "2024-12-13T17:41:58.448Z",
    "duration": 11096,
    "testsRegistered": 5,
    "passPercent": 100,
    "pendingPercent": 0,
    "other": 0,
    "hasOther": false,
    "skipped": 0,
    "hasSkipped": false
  },
  "results": [
    {
      "uuid": "3ada556d-6de2-4d75-921a-707274e8c279",
      "title": "",
      "fullFile": "cypress\\e2e\\UI_test\\login_ui.cy.js",
      "file": "cypress\\e2e\\UI_test\\login_ui.cy.js",
      "beforeHooks": [],
      "afterHooks": [],
      "tests": [],
      "suites": [
        {
          "uuid": "24a67ee5-03bc-48b4-8e03-684ea5851132",
          "title": "Login - UI Tests",
          "fullFile": "",
          "file": "",
          "beforeHooks": [],
          "afterHooks": [],
          "tests": [
            {
              "title": "deve exibir a página de login corretamente @ui @smoke",
              "fullTitle": "Login - UI Tests deve exibir a página de login corretamente @ui @smoke",
              "timedOut": null,
              "duration": 1122,
              "state": "passed",
              "speed": "fast",
              "pass": true,
              "fail": false,
              "pending": false,
              "context": null,
              "code": "_loginPage.default.emailInput.should('be.visible');\n_loginPage.default.senhaInput.should('be.visible');\n_loginPage.default.entrarButton.should('be.visible');",
              "err": {},
              "uuid": "9604f898-c69f-4504-8af1-1d5ddf4b157f",
              "parentUUID": "24a67ee5-03bc-48b4-8e03-684ea5851132",
              "isHook": false,
              "skipped": false
            },
            {
              "title": "deve fazer login com sucesso @ui @login",
              "fullTitle": "Login - UI Tests deve fazer login com sucesso @ui @login",
              "timedOut": null,
              "duration": 2655,
              "state": "passed",
              "speed": "fast",
              "pass": true,
              "fail": false,
              "pending": false,
              "context": null,
              "code": "_loginPage.default.fillEmail(emailValido);\n_loginPage.default.fillSenha(senhaValida);\n_loginPage.default.clickEntrar();\n// Verificar se redirecionou para home após login\ncy.url().should('include', '/admin/home');",
              "err": {},
              "uuid": "b325a5bf-e97d-41e0-af24-cef4cadbe09f",
              "parentUUID": "24a67ee5-03bc-48b4-8e03-684ea5851132",
              "isHook": false,
              "skipped": false
            },
            {
              "title": "deve exibir mensagem de erro ao tentar login com credenciais inválidas @ui @login @error",
              "fullTitle": "Login - UI Tests deve exibir mensagem de erro ao tentar login com credenciais inválidas @ui @login @error",
              "timedOut": null,
              "duration": 1828,
              "state": "passed",
              "speed": "fast",
              "pass": true,
              "fail": false,
              "pending": false,
              "context": null,
              "code": "// Tentativa com email e senha inválidos\n_loginPage.default.fillEmail(emailInvalido);\n_loginPage.default.fillSenha(senhaInvalida);\n_loginPage.default.clickEntrar();\n// Verifica se a mensagem de erro aparece\n_loginPage.default.alertMessage.should('be.visible').and('contain', 'Email e/ou senha inválidos');\n// Verifica se permanece na página de login\ncy.url().should('include', '/login');\n// Verifica se os valores permanecem nos campos\n_loginPage.default.emailInput.should('have.value', emailInvalido);\n_loginPage.default.senhaInput.should('have.value', senhaInvalida);",
              "err": {},
              "uuid": "fa60ff70-dc6e-4b8b-9f7b-bbb040087121",
              "parentUUID": "24a67ee5-03bc-48b4-8e03-684ea5851132",
              "isHook": false,
              "skipped": false
            },
            {
              "title": "deve exibir mensagem de erro ao tentar login com campos vazios @ui @login @error",
              "fullTitle": "Login - UI Tests deve exibir mensagem de erro ao tentar login com campos vazios @ui @login @error",
              "timedOut": null,
              "duration": 751,
              "state": "passed",
              "speed": "fast",
              "pass": true,
              "fail": false,
              "pending": false,
              "context": null,
              "code": "_loginPage.default.clickEntrar();\n// Verifica mensagens de validação\n_loginPage.default.alertMessage.should('be.visible').and('contain', 'Email é obrigatório').and('contain', 'Password é obrigatório');",
              "err": {},
              "uuid": "7e1656a3-d9cf-47c8-84ef-4b5f14889427",
              "parentUUID": "24a67ee5-03bc-48b4-8e03-684ea5851132",
              "isHook": false,
              "skipped": false
            },
            {
              "title": "deve reproduzir bug: mensagem incorreta ao corrigir email após tentativa falha @ui @login @error @bug",
              "fullTitle": "Login - UI Tests deve reproduzir bug: mensagem incorreta ao corrigir email após tentativa falha @ui @login @error @bug",
              "timedOut": null,
              "duration": 2273,
              "state": "passed",
              "speed": "fast",
              "pass": true,
              "fail": false,
              "pending": false,
              "context": null,
              "code": "// Primeira tentativa com email incorreto e senha correta\n_loginPage.default.fillEmail('email_incorreto@teste.com');\n_loginPage.default.fillSenha(senhaValida);\n_loginPage.default.clickEntrar();\n// Verifica primeira mensagem de erro\n_loginPage.default.alertMessage.should('be.visible').and('contain', 'Email e/ou senha inválidos');\n// Limpa e corrige o email\n_loginPage.default.emailInput.clear().type(emailValido);\n_loginPage.default.clickEntrar();\n// Bug: Verifica que aparece mensagem incorreta\n_loginPage.default.alertMessage.should('be.visible').and('contain', 'Password é obrigatório');",
              "err": {},
              "uuid": "20bb2ada-211f-4270-9e74-24a4bc455715",
              "parentUUID": "24a67ee5-03bc-48b4-8e03-684ea5851132",
              "isHook": false,
              "skipped": false
            }
          ],
          "suites": [],
          "passes": [
            "9604f898-c69f-4504-8af1-1d5ddf4b157f",
            "b325a5bf-e97d-41e0-af24-cef4cadbe09f",
            "fa60ff70-dc6e-4b8b-9f7b-bbb040087121",
            "7e1656a3-d9cf-47c8-84ef-4b5f14889427",
            "20bb2ada-211f-4270-9e74-24a4bc455715"
          ],
          "failures": [],
          "pending": [],
          "skipped": [],
          "duration": 8629,
          "root": false,
          "rootEmpty": false,
          "_timeout": 2000
        }
      ],
      "passes": [],
      "failures": [],
      "pending": [],
      "skipped": [],
      "duration": 0,
      "root": true,
      "rootEmpty": true,
      "_timeout": 2000
    }
  ],
  "meta": {
    "mocha": {
      "version": "7.0.1"
    },
    "mochawesome": {
      "options": {
        "quiet": false,
        "reportFilename": "mochawesome",
        "saveHtml": true,
        "saveJson": true,
        "consoleReporter": "spec",
        "useInlineDiffs": false,
        "code": true
      },
      "version": "7.1.3"
    },
    "marge": {
      "options": {
        "reportDir": "cypress/reports",
        "overwrite": false,
        "html": true,
        "json": true
      },
      "version": "6.2.0"
    }
  }
}