{
  "stats": {
    "suites": 1,
    "tests": 8,
    "passes": 8,
    "pending": 0,
    "failures": 0,
    "start": "2024-12-13T17:41:07.304Z",
    "end": "2024-12-13T17:41:44.832Z",
    "duration": 37528,
    "testsRegistered": 8,
    "passPercent": 100,
    "pendingPercent": 0,
    "other": 0,
    "hasOther": false,
    "skipped": 0,
    "hasSkipped": false
  },
  "results": [
    {
      "uuid": "4cad0d1e-bad9-4138-b154-f430e8b2f601",
      "title": "",
      "fullFile": "cypress\\e2e\\UI_test\\cadastrar_usuarios.cy.js",
      "file": "cypress\\e2e\\UI_test\\cadastrar_usuarios.cy.js",
      "beforeHooks": [],
      "afterHooks": [],
      "tests": [],
      "suites": [
        {
          "uuid": "3bf3fcea-0c98-4ffb-9a46-ff0289507784",
          "title": "Cadastro de Usuários - UI Tests",
          "fullFile": "",
          "file": "",
          "beforeHooks": [],
          "afterHooks": [],
          "tests": [
            {
              "title": "deve exibir a página de cadastro corretamente @ui @smoke",
              "fullTitle": "Cadastro de Usuários - UI Tests deve exibir a página de cadastro corretamente @ui @smoke",
              "timedOut": null,
              "duration": 5492,
              "state": "passed",
              "speed": "medium",
              "pass": true,
              "fail": false,
              "pending": false,
              "context": null,
              "code": "// Verificar se os elementos estão presentes e visíveis\n_cadastroUsuarioPage.default.verifyNomeInputVisible();\n_cadastroUsuarioPage.default.verifyEmailInputVisible();\n_cadastroUsuarioPage.default.verifyPasswordInputVisible();\n_cadastroUsuarioPage.default.verifyCheckboxVisible();\n_cadastroUsuarioPage.default.verifyCadastrarButtonVisible();",
              "err": {},
              "uuid": "b6104108-8232-435d-91a6-2d8f690b919f",
              "parentUUID": "3bf3fcea-0c98-4ffb-9a46-ff0289507784",
              "isHook": false,
              "skipped": false
            },
            {
              "title": "deve cadastrar um novo usuário com sucesso @ui @cadastro",
              "fullTitle": "Cadastro de Usuários - UI Tests deve cadastrar um novo usuário com sucesso @ui @cadastro",
              "timedOut": null,
              "duration": 3164,
              "state": "passed",
              "speed": "fast",
              "pass": true,
              "fail": false,
              "pending": false,
              "context": null,
              "code": "const usuario = {\n  nome: _faker.faker.person.fullName(),\n  email: _faker.faker.internet.email(),\n  senha: _faker.faker.internet.password({\n    length: 8\n  })\n};\n_cadastroUsuarioPage.default.fillNome(usuario.nome);\n_cadastroUsuarioPage.default.fillEmail(usuario.email);\n_cadastroUsuarioPage.default.fillPassword(usuario.senha);\n_cadastroUsuarioPage.default.clickCadastrar();\n// TODO: Verificar se o usuário foi cadastrado com sucesso - Implementação futura - Checkar com Dev team\n// CadastroUsuarioPage.alertMessage\n//     .should('be.visible')\n//     .and('contain', 'Cadastro realizado com sucesso')",
              "err": {},
              "uuid": "a0342118-3efb-412c-9a74-b0f84c4e2580",
              "parentUUID": "3bf3fcea-0c98-4ffb-9a46-ff0289507784",
              "isHook": false,
              "skipped": false
            },
            {
              "title": "deve cadastrar um novo usuário administrador com sucesso @ui @cadastro",
              "fullTitle": "Cadastro de Usuários - UI Tests deve cadastrar um novo usuário administrador com sucesso @ui @cadastro",
              "timedOut": null,
              "duration": 3607,
              "state": "passed",
              "speed": "fast",
              "pass": true,
              "fail": false,
              "pending": false,
              "context": null,
              "code": "const adminUser = {\n  nome: _faker.faker.person.fullName(),\n  email: _faker.faker.internet.email(),\n  senha: _faker.faker.internet.password({\n    length: 8\n  })\n};\n_cadastroUsuarioPage.default.fillNome(adminUser.nome);\n_cadastroUsuarioPage.default.fillEmail(adminUser.email);\n_cadastroUsuarioPage.default.fillPassword(adminUser.senha);\n_cadastroUsuarioPage.default.selectAdministrador();\n_cadastroUsuarioPage.default.clickCadastrar();\n// TODO: Verificar se o usuário foi cadastrado com sucesso - Implementação futura - Checkar com Dev team\n// CadastroUsuarioPage.alertMessage\n//     .should('be.visible')\n//     .and('contain', 'Cadastro realizado com sucesso')",
              "err": {},
              "uuid": "72c04ffe-d0c2-4c88-98fc-46d6938f180b",
              "parentUUID": "3bf3fcea-0c98-4ffb-9a46-ff0289507784",
              "isHook": false,
              "skipped": false
            },
            {
              "title": "deve exibir erro ao tentar cadastrar com email já existente @ui @cadastro @error",
              "fullTitle": "Cadastro de Usuários - UI Tests deve exibir erro ao tentar cadastrar com email já existente @ui @cadastro @error",
              "timedOut": null,
              "duration": 3400,
              "state": "passed",
              "speed": "fast",
              "pass": true,
              "fail": false,
              "pending": false,
              "context": null,
              "code": "_cadastroUsuarioPage.default.fillNome(novoUsuario.nome);\n_cadastroUsuarioPage.default.fillEmail(Cypress.env('EMAIL')); // email já existente\n_cadastroUsuarioPage.default.fillPassword(novoUsuario.senha);\n_cadastroUsuarioPage.default.clickCadastrar();\n_cadastroUsuarioPage.default.alertMessage.should('be.visible').and('contain', 'Este email já está sendo usado');",
              "err": {},
              "uuid": "34f141fb-a9a5-43bd-959a-f6ab68030946",
              "parentUUID": "3bf3fcea-0c98-4ffb-9a46-ff0289507784",
              "isHook": false,
              "skipped": false
            },
            {
              "title": "deve exibir mensagens de erro para campos obrigatórios @ui @cadastro @error",
              "fullTitle": "Cadastro de Usuários - UI Tests deve exibir mensagens de erro para campos obrigatórios @ui @cadastro @error",
              "timedOut": null,
              "duration": 2610,
              "state": "passed",
              "speed": "fast",
              "pass": true,
              "fail": false,
              "pending": false,
              "context": null,
              "code": "_cadastroUsuarioPage.default.clickCadastrar();\n_cadastroUsuarioPage.default.alertMessage.should('be.visible').and('contain', 'Nome é obrigatório').and('contain', 'Email é obrigatório').and('contain', 'Password é obrigatório');",
              "err": {},
              "uuid": "6db04a13-f01d-4702-9038-5559e4d3da0b",
              "parentUUID": "3bf3fcea-0c98-4ffb-9a46-ff0289507784",
              "isHook": false,
              "skipped": false
            },
            {
              "title": "deve exibir erro ao tentar cadastrar com nome contendo caracteres especiais @ui @cadastro @error @caracteresEspeciais @possivelBug",
              "fullTitle": "Cadastro de Usuários - UI Tests deve exibir erro ao tentar cadastrar com nome contendo caracteres especiais @ui @cadastro @error @caracteresEspeciais @possivelBug",
              "timedOut": null,
              "duration": 3091,
              "state": "passed",
              "speed": "fast",
              "pass": true,
              "fail": false,
              "pending": false,
              "context": null,
              "code": "const usuarioComNomeEspecial = {\n  nome: 'João@#',\n  email: _faker.faker.internet.email(),\n  senha: _faker.faker.internet.password({\n    length: 8\n  })\n};\n_cadastroUsuarioPage.default.fillNome(usuarioComNomeEspecial.nome);\n_cadastroUsuarioPage.default.fillEmail(usuarioComNomeEspecial.email);\n_cadastroUsuarioPage.default.fillPassword(usuarioComNomeEspecial.senha);\n_cadastroUsuarioPage.default.clickCadastrar();\n// TODO: Verificar se o usuário foi cadastrado com sucesso - Implementação futura - Checkar com Dev team\n// Atualmente é possivel estar criando usuários com nome contendo caracteres especiais",
              "err": {},
              "uuid": "94b70c4c-eeea-4f0c-9c55-c52acbb9e1b4",
              "parentUUID": "3bf3fcea-0c98-4ffb-9a46-ff0289507784",
              "isHook": false,
              "skipped": false
            },
            {
              "title": "deve exibir erro ao tentar cadastrar com email contendo @ no meio do email @ui @cadastro @error @caracteresEspeciais @possivelBug",
              "fullTitle": "Cadastro de Usuários - UI Tests deve exibir erro ao tentar cadastrar com email contendo @ no meio do email @ui @cadastro @error @caracteresEspeciais @possivelBug",
              "timedOut": null,
              "duration": 4674,
              "state": "passed",
              "speed": "fast",
              "pass": true,
              "fail": false,
              "pending": false,
              "context": null,
              "code": "const usuarioComEmailEspecial = {\n  nome: _faker.faker.person.fullName(),\n  email: 'email@invalido.com@teste.com',\n  senha: _faker.faker.internet.password({\n    length: 8\n  })\n};\n_cadastroUsuarioPage.default.fillNome(usuarioComEmailEspecial.nome);\n_cadastroUsuarioPage.default.fillEmail(usuarioComEmailEspecial.email);\n_cadastroUsuarioPage.default.fillPassword(usuarioComEmailEspecial.senha);\n_cadastroUsuarioPage.default.clickCadastrar();\n// TODO: Criar error handling para o email com @ no meio do email\n// Atualmente existe apenas uma validação de erro via tooltip, que não é suficiente para validar o erro\n// Verifica se a mensagem de erro aparece\n// CadastroUsuarioPage.alertMessage\n//     .should('be.visible')\n//     .and('contain', 'Email inválido'); // Mensagem de erro esperada -> uma parte após \"@\" não deve conter o simbolo \"@\"",
              "err": {},
              "uuid": "ca577c58-ca20-4628-8a3c-54fcdcf2d648",
              "parentUUID": "3bf3fcea-0c98-4ffb-9a46-ff0289507784",
              "isHook": false,
              "skipped": false
            },
            {
              "title": "deve exibir erro ao tentar cadastrar com nome e email contendo caracteres especiais @ui @cadastro @error @caracteresEspeciais @possivelBug",
              "fullTitle": "Cadastro de Usuários - UI Tests deve exibir erro ao tentar cadastrar com nome e email contendo caracteres especiais @ui @cadastro @error @caracteresEspeciais @possivelBug",
              "timedOut": null,
              "duration": 3337,
              "state": "passed",
              "speed": "fast",
              "pass": true,
              "fail": false,
              "pending": false,
              "context": null,
              "code": "const usuarioComNomeEEmailEspeciais = {\n  nome: 'João@#',\n  email: 'email#invalido.com@teste.com',\n  senha: _faker.faker.internet.password({\n    length: 8\n  })\n};\n_cadastroUsuarioPage.default.fillNome(usuarioComNomeEEmailEspeciais.nome);\n_cadastroUsuarioPage.default.fillEmail(usuarioComNomeEEmailEspeciais.email);\n_cadastroUsuarioPage.default.fillPassword(usuarioComNomeEEmailEspeciais.senha);\n_cadastroUsuarioPage.default.clickCadastrar();\n// TODO: Verificar se o usuário foi cadastrado com sucesso - Implementação futura - Checkar com Dev team\n// Atualmente é possivel estar criando usuários com nome contendo caracteres especiais",
              "err": {},
              "uuid": "edd65562-f1d1-4776-80f3-36f7663d859c",
              "parentUUID": "3bf3fcea-0c98-4ffb-9a46-ff0289507784",
              "isHook": false,
              "skipped": false
            }
          ],
          "suites": [],
          "passes": [
            "b6104108-8232-435d-91a6-2d8f690b919f",
            "a0342118-3efb-412c-9a74-b0f84c4e2580",
            "72c04ffe-d0c2-4c88-98fc-46d6938f180b",
            "34f141fb-a9a5-43bd-959a-f6ab68030946",
            "6db04a13-f01d-4702-9038-5559e4d3da0b",
            "94b70c4c-eeea-4f0c-9c55-c52acbb9e1b4",
            "ca577c58-ca20-4628-8a3c-54fcdcf2d648",
            "edd65562-f1d1-4776-80f3-36f7663d859c"
          ],
          "failures": [],
          "pending": [],
          "skipped": [],
          "duration": 29375,
          "root": false,
          "rootEmpty": false,
          "_timeout": 2000
        }
      ],
      "passes": [],
      "failures": [],
      "pending": [],
      "skipped": [],
      "duration": 0,
      "root": true,
      "rootEmpty": true,
      "_timeout": 2000
    }
  ],
  "meta": {
    "mocha": {
      "version": "7.0.1"
    },
    "mochawesome": {
      "options": {
        "quiet": false,
        "reportFilename": "mochawesome",
        "saveHtml": true,
        "saveJson": true,
        "consoleReporter": "spec",
        "useInlineDiffs": false,
        "code": true
      },
      "version": "7.1.3"
    },
    "marge": {
      "options": {
        "reportDir": "cypress/reports",
        "overwrite": false,
        "html": true,
        "json": true
      },
      "version": "6.2.0"
    }
  }
}