{
  "stats": {
    "suites": 1,
    "tests": 5,
    "passes": 5,
    "pending": 0,
    "failures": 0,
    "start": "2024-12-13T21:15:48.228Z",
    "end": "2024-12-13T21:15:57.422Z",
    "duration": 9194,
    "testsRegistered": 5,
    "passPercent": 100,
    "pendingPercent": 0,
    "other": 0,
    "hasOther": false,
    "skipped": 0,
    "hasSkipped": false
  },
  "results": [
    {
      "uuid": "10db8724-6b3a-4e89-96d1-24129bff0808",
      "title": "",
      "fullFile": "cypress\\e2e\\UI_test\\login_ui.cy.js",
      "file": "cypress\\e2e\\UI_test\\login_ui.cy.js",
      "beforeHooks": [],
      "afterHooks": [],
      "tests": [],
      "suites": [
        {
          "uuid": "b6c9b095-68d3-49ce-aa4e-7d41dc42ac1d",
          "title": "Login - UI Tests",
          "fullFile": "",
          "file": "",
          "beforeHooks": [],
          "afterHooks": [],
          "tests": [
            {
              "title": "deve exibir a página de login corretamente @ui @smoke",
              "fullTitle": "Login - UI Tests deve exibir a página de login corretamente @ui @smoke",
              "timedOut": null,
              "duration": 1006,
              "state": "passed",
              "speed": "fast",
              "pass": true,
              "fail": false,
              "pending": false,
              "context": null,
              "code": "_loginPage.default.emailInput.should('be.visible');\n_loginPage.default.senhaInput.should('be.visible');\n_loginPage.default.entrarButton.should('be.visible');",
              "err": {},
              "uuid": "5c4fd2ca-db42-402c-ab0d-1e8afbc63cae",
              "parentUUID": "b6c9b095-68d3-49ce-aa4e-7d41dc42ac1d",
              "isHook": false,
              "skipped": false
            },
            {
              "title": "deve fazer login com sucesso @ui @login",
              "fullTitle": "Login - UI Tests deve fazer login com sucesso @ui @login",
              "timedOut": null,
              "duration": 2080,
              "state": "passed",
              "speed": "fast",
              "pass": true,
              "fail": false,
              "pending": false,
              "context": null,
              "code": "_loginPage.default.fillEmail(emailValido);\n_loginPage.default.fillSenha(senhaValida);\n_loginPage.default.clickEntrar();\n// Verificar se redirecionou para home após login\ncy.url().should('include', '/admin/home');",
              "err": {},
              "uuid": "d6ee75ac-b4d8-48f0-89e3-d9daad3cd732",
              "parentUUID": "b6c9b095-68d3-49ce-aa4e-7d41dc42ac1d",
              "isHook": false,
              "skipped": false
            },
            {
              "title": "deve exibir mensagem de erro ao tentar login com credenciais inválidas @ui @login @error",
              "fullTitle": "Login - UI Tests deve exibir mensagem de erro ao tentar login com credenciais inválidas @ui @login @error",
              "timedOut": null,
              "duration": 1774,
              "state": "passed",
              "speed": "fast",
              "pass": true,
              "fail": false,
              "pending": false,
              "context": null,
              "code": "// Tentativa com email e senha inválidos\n_loginPage.default.fillEmail(emailInvalido);\n_loginPage.default.fillSenha(senhaInvalida);\n_loginPage.default.clickEntrar();\n// Verifica se a mensagem de erro aparece\n_loginPage.default.alertMessage.should('be.visible').and('contain', 'Email e/ou senha inválidos');\n// Verifica se permanece na página de login\ncy.url().should('include', '/login');\n// Verifica se os valores permanecem nos campos\n_loginPage.default.emailInput.should('have.value', emailInvalido);\n_loginPage.default.senhaInput.should('have.value', senhaInvalida);",
              "err": {},
              "uuid": "53c30ef0-1ff6-49e5-9364-89448adc7194",
              "parentUUID": "b6c9b095-68d3-49ce-aa4e-7d41dc42ac1d",
              "isHook": false,
              "skipped": false
            },
            {
              "title": "deve exibir mensagem de erro ao tentar login com campos vazios @ui @login @error",
              "fullTitle": "Login - UI Tests deve exibir mensagem de erro ao tentar login com campos vazios @ui @login @error",
              "timedOut": null,
              "duration": 725,
              "state": "passed",
              "speed": "fast",
              "pass": true,
              "fail": false,
              "pending": false,
              "context": null,
              "code": "_loginPage.default.clickEntrar();\n// Verifica mensagens de validação\n_loginPage.default.alertMessage.should('be.visible').and('contain', 'Email é obrigatório').and('contain', 'Password é obrigatório');",
              "err": {},
              "uuid": "3bdad0f4-f2ac-43a1-a9fa-9d5244cb3701",
              "parentUUID": "b6c9b095-68d3-49ce-aa4e-7d41dc42ac1d",
              "isHook": false,
              "skipped": false
            },
            {
              "title": "deve reproduzir bug: mensagem incorreta ao corrigir email após tentativa falha @ui @login @error @bug",
              "fullTitle": "Login - UI Tests deve reproduzir bug: mensagem incorreta ao corrigir email após tentativa falha @ui @login @error @bug",
              "timedOut": null,
              "duration": 1962,
              "state": "passed",
              "speed": "fast",
              "pass": true,
              "fail": false,
              "pending": false,
              "context": null,
              "code": "// Primeira tentativa com email incorreto e senha correta\n_loginPage.default.fillEmail('email_incorreto@teste.com');\n_loginPage.default.fillSenha(senhaValida);\n_loginPage.default.clickEntrar();\n// Verifica primeira mensagem de erro\n_loginPage.default.alertMessage.should('be.visible').and('contain', 'Email e/ou senha inválidos');\n// Limpa e corrige o email\n_loginPage.default.emailInput.clear().type(emailValido);\n_loginPage.default.clickEntrar();\n// Bug: Verifica que aparece mensagem incorreta\n_loginPage.default.alertMessage.should('be.visible').and('contain', 'Password é obrigatório');",
              "err": {},
              "uuid": "a6a697b6-7545-402e-9f3e-c8e54af72822",
              "parentUUID": "b6c9b095-68d3-49ce-aa4e-7d41dc42ac1d",
              "isHook": false,
              "skipped": false
            }
          ],
          "suites": [],
          "passes": [
            "5c4fd2ca-db42-402c-ab0d-1e8afbc63cae",
            "d6ee75ac-b4d8-48f0-89e3-d9daad3cd732",
            "53c30ef0-1ff6-49e5-9364-89448adc7194",
            "3bdad0f4-f2ac-43a1-a9fa-9d5244cb3701",
            "a6a697b6-7545-402e-9f3e-c8e54af72822"
          ],
          "failures": [],
          "pending": [],
          "skipped": [],
          "duration": 7547,
          "root": false,
          "rootEmpty": false,
          "_timeout": 2000
        }
      ],
      "passes": [],
      "failures": [],
      "pending": [],
      "skipped": [],
      "duration": 0,
      "root": true,
      "rootEmpty": true,
      "_timeout": 2000
    }
  ],
  "meta": {
    "mocha": {
      "version": "7.0.1"
    },
    "mochawesome": {
      "options": {
        "quiet": false,
        "reportFilename": "mochawesome",
        "saveHtml": true,
        "saveJson": true,
        "consoleReporter": "spec",
        "useInlineDiffs": false,
        "code": true
      },
      "version": "7.1.3"
    },
    "marge": {
      "options": {
        "reportDir": "cypress/reports",
        "overwrite": false,
        "html": true,
        "json": true
      },
      "version": "6.2.0"
    }
  }
}