{
  "stats": {
    "suites": 1,
    "tests": 7,
    "passes": 7,
    "pending": 0,
    "failures": 0,
    "start": "2024-12-13T17:42:42.318Z",
    "end": "2024-12-13T17:42:45.428Z",
    "duration": 3110,
    "testsRegistered": 7,
    "passPercent": 100,
    "pendingPercent": 0,
    "other": 0,
    "hasOther": false,
    "skipped": 0,
    "hasSkipped": false
  },
  "results": [
    {
      "uuid": "6994d31e-d848-479b-a21f-5cb277b92205",
      "title": "",
      "fullFile": "cypress\\e2e\\api_test\\carrinho_api.cy.js",
      "file": "cypress\\e2e\\api_test\\carrinho_api.cy.js",
      "beforeHooks": [],
      "afterHooks": [],
      "tests": [],
      "suites": [
        {
          "uuid": "3ba90b6b-6ac2-4955-862e-a9e6ec05d92c",
          "title": "Testes de API - Carrinhos ServeRest @APITest",
          "fullFile": "",
          "file": "",
          "beforeHooks": [],
          "afterHooks": [],
          "tests": [
            {
              "title": "Deve criar produto para testes @setup",
              "fullTitle": "Testes de API - Carrinhos ServeRest @APITest Deve criar produto para testes @setup",
              "timedOut": null,
              "duration": 562,
              "state": "passed",
              "speed": "fast",
              "pass": true,
              "fail": false,
              "pending": false,
              "context": null,
              "code": "// Gerando nome de arquivo de imagem aleatório com extensão válida\nconst extensoes = ['jpg', 'png', 'gif'];\nconst extensaoAleatoria = faker.helpers.arrayElement(extensoes);\nconst nomeImagem = `C:\\\\fakepath\\\\${faker.string.uuid()}.${extensaoAleatoria}`;\n// Criando dados do produto de teste\nconst novoProduto = {\n  nome: `Produto ${faker.commerce.productName()}`,\n  preco: parseInt(faker.commerce.price(), 10),\n  descricao: faker.commerce.productDescription(),\n  quantidade: faker.number.int({\n    min: 10,\n    max: 100\n  }),\n  imagem: nomeImagem\n};\n// Enviando requisição POST para criar produto de teste\ncy.request({\n  method: 'POST',\n  url: `${Cypress.env('apiUrl')}/produtos`,\n  headers: {\n    Authorization: Cypress.env('TOKEN')\n  },\n  body: novoProduto\n}).then(response => {\n  // Logando informações do produto criado\n  console.log('Produto de Teste Criado:', response.body);\n  cy.log('**Produto de Teste Criado**');\n  cy.log(`Nome: ${novoProduto.nome}`);\n  cy.log(`Preço: ${novoProduto.preco}`);\n  cy.log(`Descrição: ${novoProduto.descricao}`);\n  cy.log(`Quantidade: ${novoProduto.quantidade}`);\n  cy.log(`Imagem: ${novoProduto.imagem}`);\n  cy.log(`ID: ${response.body._id}`);\n  // Validando resposta da API e armazenando ID do produto\n  expect(response.status).to.equal(201);\n  productId = response.body._id;\n});",
              "err": {},
              "uuid": "9408f46b-ca9d-4de9-b6b7-f805d5362211",
              "parentUUID": "3ba90b6b-6ac2-4955-862e-a9e6ec05d92c",
              "isHook": false,
              "skipped": false
            },
            {
              "title": "Deve cadastrar um novo carrinho com sucesso @crud @post",
              "fullTitle": "Testes de API - Carrinhos ServeRest @APITest Deve cadastrar um novo carrinho com sucesso @crud @post",
              "timedOut": null,
              "duration": 364,
              "state": "passed",
              "speed": "fast",
              "pass": true,
              "fail": false,
              "pending": false,
              "context": null,
              "code": "// Criando dados do novo carrinho com quantidade aleatória do produto\nconst novoCarrinho = {\n  produtos: [{\n    idProduto: productId,\n    quantidade: faker.number.int({\n      min: 1,\n      max: 5\n    })\n  }]\n};\ntestData.novoCarrinho = novoCarrinho;\n// Enviando requisição POST para criar novo carrinho\ncy.request({\n  method: 'POST',\n  url: `${Cypress.env('apiUrl')}/carrinhos`,\n  headers: {\n    Authorization: Cypress.env('TOKEN')\n  },\n  body: novoCarrinho\n}).then(response => {\n  // Armazenando resposta para possível uso posterior\n  testData.response = {\n    status: response.status,\n    body: response.body\n  };\n  // Logando informações do carrinho criado\n  console.log('Carrinho Criado:', response.body);\n  cy.log('**Carrinho Criado**');\n  cy.log(`ID do Carrinho: ${response.body._id}`);\n  cy.log(`Quantidade de Produtos: ${novoCarrinho.produtos.length}`);\n  cy.log(`ID do Produto: ${novoCarrinho.produtos[0].idProduto}`);\n  cy.log(`Quantidade do Produto: ${novoCarrinho.produtos[0].quantidade}`);\n  // Validando resposta da API\n  expect(response.status).to.equal(201);\n  expect(response.body.message).to.equal('Cadastro realizado com sucesso');\n  cartId = response.body._id;\n});",
              "err": {},
              "uuid": "e698e4ab-721a-4c00-b8ba-e0801fec0167",
              "parentUUID": "3ba90b6b-6ac2-4955-862e-a9e6ec05d92c",
              "isHook": false,
              "skipped": false
            },
            {
              "title": "Deve listar todos os carrinhos @crud @get",
              "fullTitle": "Testes de API - Carrinhos ServeRest @APITest Deve listar todos os carrinhos @crud @get",
              "timedOut": null,
              "duration": 363,
              "state": "passed",
              "speed": "fast",
              "pass": true,
              "fail": false,
              "pending": false,
              "context": null,
              "code": "// Enviando requisição GET para listar todos os carrinhos\ncy.request({\n  method: 'GET',\n  url: `${Cypress.env('apiUrl')}/carrinhos`,\n  headers: {\n    Authorization: Cypress.env('TOKEN')\n  }\n}).then(response => {\n  // Logando informações da lista de carrinhos\n  console.log('Lista de Carrinhos:', response.body);\n  cy.log('**Lista de Carrinhos**');\n  cy.log(`Total de Carrinhos: ${response.body.carrinhos.length}`);\n  // Validando resposta da API\n  expect(response.status).to.equal(200);\n  expect(response.body.carrinhos).to.be.an('array');\n});",
              "err": {},
              "uuid": "85bdc3cd-d65f-4faf-a024-e0709621af57",
              "parentUUID": "3ba90b6b-6ac2-4955-862e-a9e6ec05d92c",
              "isHook": false,
              "skipped": false
            },
            {
              "title": "Deve buscar carrinho por ID @crud @get",
              "fullTitle": "Testes de API - Carrinhos ServeRest @APITest Deve buscar carrinho por ID @crud @get",
              "timedOut": null,
              "duration": 371,
              "state": "passed",
              "speed": "fast",
              "pass": true,
              "fail": false,
              "pending": false,
              "context": null,
              "code": "// Enviando requisição GET para buscar carrinho específico\ncy.request({\n  method: 'GET',\n  url: `${Cypress.env('apiUrl')}/carrinhos/${cartId}`,\n  headers: {\n    Authorization: Cypress.env('TOKEN')\n  }\n}).then(response => {\n  // Logando informações do carrinho encontrado\n  console.log('Carrinho por ID:', response.body);\n  cy.log('**Carrinho Buscado**');\n  cy.log(`ID do Carrinho: ${response.body._id}`);\n  cy.log(`Produtos no Carrinho: ${response.body.produtos.length}`);\n  // Validando resposta da API\n  expect(response.status).to.equal(200);\n  expect(response.body).to.have.property('produtos');\n});",
              "err": {},
              "uuid": "1f8172dd-ca09-46c9-9393-1a78ce5d2c45",
              "parentUUID": "3ba90b6b-6ac2-4955-862e-a9e6ec05d92c",
              "isHook": false,
              "skipped": false
            },
            {
              "title": "Deve concluir a compra do carrinho @crud @delete",
              "fullTitle": "Testes de API - Carrinhos ServeRest @APITest Deve concluir a compra do carrinho @crud @delete",
              "timedOut": null,
              "duration": 377,
              "state": "passed",
              "speed": "fast",
              "pass": true,
              "fail": false,
              "pending": false,
              "context": null,
              "code": "// Enviando requisição DELETE para concluir a compra\ncy.request({\n  method: 'DELETE',\n  url: `${Cypress.env('apiUrl')}/carrinhos/concluir-compra`,\n  headers: {\n    Authorization: Cypress.env('TOKEN')\n  }\n}).then(response => {\n  // Logando informações da conclusão da compra\n  console.log('Compra Concluída:', response.body);\n  cy.log('**Compra Concluída**');\n  cy.log(`Mensagem: ${response.body.message}`);\n  // Validando resposta da API\n  expect(response.status).to.equal(200);\n  expect(response.body.message).to.equal('Registro excluído com sucesso');\n});",
              "err": {},
              "uuid": "10d0f400-0053-4ed4-b684-5a9b51d2a658",
              "parentUUID": "3ba90b6b-6ac2-4955-862e-a9e6ec05d92c",
              "isHook": false,
              "skipped": false
            },
            {
              "title": "Deve cancelar a compra do carrinho @crud @delete",
              "fullTitle": "Testes de API - Carrinhos ServeRest @APITest Deve cancelar a compra do carrinho @crud @delete",
              "timedOut": null,
              "duration": 533,
              "state": "passed",
              "speed": "fast",
              "pass": true,
              "fail": false,
              "pending": false,
              "context": null,
              "code": "// Criando novo carrinho para teste de cancelamento\nconst novoCarrinho = {\n  produtos: [{\n    idProduto: productId,\n    quantidade: faker.number.int({\n      min: 1,\n      max: 5\n    })\n  }]\n};\n// Enviando requisição POST para criar carrinho que será cancelado\ncy.request({\n  method: 'POST',\n  url: `${Cypress.env('apiUrl')}/carrinhos`,\n  headers: {\n    Authorization: Cypress.env('TOKEN')\n  },\n  body: novoCarrinho\n}).then(responseCarrinho => {\n  // Logando informações do carrinho criado\n  console.log('Carrinho Criado para Cancelamento:', responseCarrinho.body);\n  cy.log('**Carrinho Criado para Cancelamento**');\n  cy.log(`ID do Carrinho: ${responseCarrinho.body._id}`);\n  // Enviando requisição DELETE para cancelar a compra\n  cy.request({\n    method: 'DELETE',\n    url: `${Cypress.env('apiUrl')}/carrinhos/cancelar-compra`,\n    headers: {\n      Authorization: Cypress.env('TOKEN')\n    }\n  }).then(response => {\n    // Logando informações do cancelamento\n    console.log('Compra Cancelada:', response.body);\n    cy.log('**Compra Cancelada**');\n    cy.log(`Mensagem: ${response.body.message}`);\n    // Validando resposta da API\n    expect(response.status).to.equal(200);\n    expect(response.body.message).to.equal('Registro excluído com sucesso. Estoque dos produtos reabastecido');\n  });\n});",
              "err": {},
              "uuid": "c7e8f416-99e4-4d50-a904-cd9dd01c3728",
              "parentUUID": "3ba90b6b-6ac2-4955-862e-a9e6ec05d92c",
              "isHook": false,
              "skipped": false
            },
            {
              "title": "Deve tentar cancelar a compra do carrinho de um usuário que não tem carrinho @crud @delete",
              "fullTitle": "Testes de API - Carrinhos ServeRest @APITest Deve tentar cancelar a compra do carrinho de um usuário que não tem carrinho @crud @delete",
              "timedOut": null,
              "duration": 369,
              "state": "passed",
              "speed": "fast",
              "pass": true,
              "fail": false,
              "pending": false,
              "context": null,
              "code": "// Enviando requisição DELETE para tentar cancelar compra sem carrinho\ncy.request({\n  method: 'DELETE',\n  url: `${Cypress.env('apiUrl')}/carrinhos/cancelar-compra`,\n  headers: {\n    Authorization: Cypress.env('TOKEN')\n  }\n}).then(response => {\n  // Logando informações da tentativa de cancelamento\n  console.log('Compra Cancelada:', response.body);\n  cy.log('**Compra Cancelada**');\n  cy.log(`Mensagem: ${response.body.message}`);\n  // Validando resposta da API para cenário de erro\n  expect(response.status).to.equal(200);\n  expect(response.body.message).to.equal('Não foi encontrado carrinho para esse usuário');\n});",
              "err": {},
              "uuid": "9913f3d4-5528-41c9-a1e8-22542076d43f",
              "parentUUID": "3ba90b6b-6ac2-4955-862e-a9e6ec05d92c",
              "isHook": false,
              "skipped": false
            }
          ],
          "suites": [],
          "passes": [
            "9408f46b-ca9d-4de9-b6b7-f805d5362211",
            "e698e4ab-721a-4c00-b8ba-e0801fec0167",
            "85bdc3cd-d65f-4faf-a024-e0709621af57",
            "1f8172dd-ca09-46c9-9393-1a78ce5d2c45",
            "10d0f400-0053-4ed4-b684-5a9b51d2a658",
            "c7e8f416-99e4-4d50-a904-cd9dd01c3728",
            "9913f3d4-5528-41c9-a1e8-22542076d43f"
          ],
          "failures": [],
          "pending": [],
          "skipped": [],
          "duration": 2939,
          "root": false,
          "rootEmpty": false,
          "_timeout": 2000
        }
      ],
      "passes": [],
      "failures": [],
      "pending": [],
      "skipped": [],
      "duration": 0,
      "root": true,
      "rootEmpty": true,
      "_timeout": 2000
    }
  ],
  "meta": {
    "mocha": {
      "version": "7.0.1"
    },
    "mochawesome": {
      "options": {
        "quiet": false,
        "reportFilename": "mochawesome",
        "saveHtml": true,
        "saveJson": true,
        "consoleReporter": "spec",
        "useInlineDiffs": false,
        "code": true
      },
      "version": "7.1.3"
    },
    "marge": {
      "options": {
        "reportDir": "cypress/reports",
        "overwrite": false,
        "html": true,
        "json": true
      },
      "version": "6.2.0"
    }
  }
}