{
  "stats": {
    "suites": 1,
    "tests": 8,
    "passes": 8,
    "pending": 0,
    "failures": 0,
    "start": "2024-12-13T20:11:48.986Z",
    "end": "2024-12-13T20:12:20.787Z",
    "duration": 31801,
    "testsRegistered": 8,
    "passPercent": 100,
    "pendingPercent": 0,
    "other": 0,
    "hasOther": false,
    "skipped": 0,
    "hasSkipped": false
  },
  "results": [
    {
      "uuid": "81c9d03c-a22e-4b9e-bcac-57ee0219de8f",
      "title": "",
      "fullFile": "cypress\\e2e\\UI_test\\cadastrar_usuarios.cy.js",
      "file": "cypress\\e2e\\UI_test\\cadastrar_usuarios.cy.js",
      "beforeHooks": [],
      "afterHooks": [],
      "tests": [],
      "suites": [
        {
          "uuid": "eaa1754c-eebd-47d7-b563-701ebaa53107",
          "title": "Cadastro de Usuários - UI Tests",
          "fullFile": "",
          "file": "",
          "beforeHooks": [],
          "afterHooks": [],
          "tests": [
            {
              "title": "deve exibir a página de cadastro corretamente @ui @smoke",
              "fullTitle": "Cadastro de Usuários - UI Tests deve exibir a página de cadastro corretamente @ui @smoke",
              "timedOut": null,
              "duration": 4901,
              "state": "passed",
              "speed": "fast",
              "pass": true,
              "fail": false,
              "pending": false,
              "context": null,
              "code": "// Verificar se os elementos estão presentes e visíveis\n_cadastroUsuarioPage.default.verifyNomeInputVisible();\n_cadastroUsuarioPage.default.verifyEmailInputVisible();\n_cadastroUsuarioPage.default.verifyPasswordInputVisible();\n_cadastroUsuarioPage.default.verifyCheckboxVisible();\n_cadastroUsuarioPage.default.verifyCadastrarButtonVisible();",
              "err": {},
              "uuid": "6fa5e0e3-268c-438a-9af5-728dbd9f1092",
              "parentUUID": "eaa1754c-eebd-47d7-b563-701ebaa53107",
              "isHook": false,
              "skipped": false
            },
            {
              "title": "deve cadastrar um novo usuário com sucesso @ui @cadastro",
              "fullTitle": "Cadastro de Usuários - UI Tests deve cadastrar um novo usuário com sucesso @ui @cadastro",
              "timedOut": null,
              "duration": 3462,
              "state": "passed",
              "speed": "fast",
              "pass": true,
              "fail": false,
              "pending": false,
              "context": null,
              "code": "const usuario = {\n  nome: _faker.faker.person.fullName(),\n  email: _faker.faker.internet.email(),\n  senha: _faker.faker.internet.password({\n    length: 8\n  })\n};\n_cadastroUsuarioPage.default.fillNome(usuario.nome);\n_cadastroUsuarioPage.default.fillEmail(usuario.email);\n_cadastroUsuarioPage.default.fillPassword(usuario.senha);\n_cadastroUsuarioPage.default.clickCadastrar();\n// TODO: Verificar se o usuário foi cadastrado com sucesso - Implementação futura - Checkar com Dev team\n// CadastroUsuarioPage.alertMessage\n//     .should('be.visible')\n//     .and('contain', 'Cadastro realizado com sucesso')",
              "err": {},
              "uuid": "e13fcfb4-f7dd-48ba-b617-aadd848ef0c1",
              "parentUUID": "eaa1754c-eebd-47d7-b563-701ebaa53107",
              "isHook": false,
              "skipped": false
            },
            {
              "title": "deve cadastrar um novo usuário administrador com sucesso @ui @cadastro",
              "fullTitle": "Cadastro de Usuários - UI Tests deve cadastrar um novo usuário administrador com sucesso @ui @cadastro",
              "timedOut": null,
              "duration": 3336,
              "state": "passed",
              "speed": "fast",
              "pass": true,
              "fail": false,
              "pending": false,
              "context": null,
              "code": "const adminUser = {\n  nome: _faker.faker.person.fullName(),\n  email: _faker.faker.internet.email(),\n  senha: _faker.faker.internet.password({\n    length: 8\n  })\n};\n_cadastroUsuarioPage.default.fillNome(adminUser.nome);\n_cadastroUsuarioPage.default.fillEmail(adminUser.email);\n_cadastroUsuarioPage.default.fillPassword(adminUser.senha);\n_cadastroUsuarioPage.default.selectAdministrador();\n_cadastroUsuarioPage.default.clickCadastrar();\n// TODO: Verificar se o usuário foi cadastrado com sucesso - Implementação futura - Checkar com Dev team\n// CadastroUsuarioPage.alertMessage\n//     .should('be.visible')\n//     .and('contain', 'Cadastro realizado com sucesso')",
              "err": {},
              "uuid": "684d164f-bbd8-4b50-8b2c-5eebc139ea15",
              "parentUUID": "eaa1754c-eebd-47d7-b563-701ebaa53107",
              "isHook": false,
              "skipped": false
            },
            {
              "title": "deve exibir erro ao tentar cadastrar com email já existente @ui @cadastro @error",
              "fullTitle": "Cadastro de Usuários - UI Tests deve exibir erro ao tentar cadastrar com email já existente @ui @cadastro @error",
              "timedOut": null,
              "duration": 3407,
              "state": "passed",
              "speed": "fast",
              "pass": true,
              "fail": false,
              "pending": false,
              "context": null,
              "code": "_cadastroUsuarioPage.default.fillNome(novoUsuario.nome);\n_cadastroUsuarioPage.default.fillEmail(Cypress.env('EMAIL')); // email já existente\n_cadastroUsuarioPage.default.fillPassword(novoUsuario.senha);\n_cadastroUsuarioPage.default.clickCadastrar();\n_cadastroUsuarioPage.default.alertMessage.should('be.visible').and('contain', 'Este email já está sendo usado');",
              "err": {},
              "uuid": "ca7963cd-c8a4-4fd2-97fb-fd626b43c13e",
              "parentUUID": "eaa1754c-eebd-47d7-b563-701ebaa53107",
              "isHook": false,
              "skipped": false
            },
            {
              "title": "deve exibir mensagens de erro para campos obrigatórios @ui @cadastro @error",
              "fullTitle": "Cadastro de Usuários - UI Tests deve exibir mensagens de erro para campos obrigatórios @ui @cadastro @error",
              "timedOut": null,
              "duration": 2503,
              "state": "passed",
              "speed": "fast",
              "pass": true,
              "fail": false,
              "pending": false,
              "context": null,
              "code": "_cadastroUsuarioPage.default.clickCadastrar();\n_cadastroUsuarioPage.default.alertMessage.should('be.visible').and('contain', 'Nome é obrigatório').and('contain', 'Email é obrigatório').and('contain', 'Password é obrigatório');",
              "err": {},
              "uuid": "1c78d3c2-2b93-4794-81af-1a2a9ad3d176",
              "parentUUID": "eaa1754c-eebd-47d7-b563-701ebaa53107",
              "isHook": false,
              "skipped": false
            },
            {
              "title": "deve exibir erro ao tentar cadastrar com nome contendo caracteres especiais @ui @cadastro @error @caracteresEspeciais @possivelBug",
              "fullTitle": "Cadastro de Usuários - UI Tests deve exibir erro ao tentar cadastrar com nome contendo caracteres especiais @ui @cadastro @error @caracteresEspeciais @possivelBug",
              "timedOut": null,
              "duration": 3215,
              "state": "passed",
              "speed": "fast",
              "pass": true,
              "fail": false,
              "pending": false,
              "context": null,
              "code": "const usuarioComNomeEspecial = {\n  nome: 'João@#',\n  email: _faker.faker.internet.email(),\n  senha: _faker.faker.internet.password({\n    length: 8\n  })\n};\n_cadastroUsuarioPage.default.fillNome(usuarioComNomeEspecial.nome);\n_cadastroUsuarioPage.default.fillEmail(usuarioComNomeEspecial.email);\n_cadastroUsuarioPage.default.fillPassword(usuarioComNomeEspecial.senha);\n_cadastroUsuarioPage.default.clickCadastrar();\n// TODO: Verificar se o usuário foi cadastrado com sucesso - Implementação futura - Checkar com Dev team\n// Atualmente é possivel estar criando usuários com nome contendo caracteres especiais",
              "err": {},
              "uuid": "0965cf37-c96d-4f61-bb98-eb44588b62fd",
              "parentUUID": "eaa1754c-eebd-47d7-b563-701ebaa53107",
              "isHook": false,
              "skipped": false
            },
            {
              "title": "deve exibir erro ao tentar cadastrar com email contendo @ no meio do email @ui @cadastro @error @caracteresEspeciais @possivelBug",
              "fullTitle": "Cadastro de Usuários - UI Tests deve exibir erro ao tentar cadastrar com email contendo @ no meio do email @ui @cadastro @error @caracteresEspeciais @possivelBug",
              "timedOut": null,
              "duration": 3533,
              "state": "passed",
              "speed": "fast",
              "pass": true,
              "fail": false,
              "pending": false,
              "context": null,
              "code": "const usuarioComEmailEspecial = {\n  nome: _faker.faker.person.fullName(),\n  email: 'email@invalido.com@teste.com',\n  senha: _faker.faker.internet.password({\n    length: 8\n  })\n};\n_cadastroUsuarioPage.default.fillNome(usuarioComEmailEspecial.nome);\n_cadastroUsuarioPage.default.fillEmail(usuarioComEmailEspecial.email);\n_cadastroUsuarioPage.default.fillPassword(usuarioComEmailEspecial.senha);\n_cadastroUsuarioPage.default.clickCadastrar();\n// TODO: Criar error handling para o email com @ no meio do email\n// Atualmente existe apenas uma validação de erro via tooltip, que não é suficiente para validar o erro\n// Verifica se a mensagem de erro aparece\n// CadastroUsuarioPage.alertMessage\n//     .should('be.visible')\n//     .and('contain', 'Email inválido'); // Mensagem de erro esperada -> uma parte após \"@\" não deve conter o simbolo \"@\"",
              "err": {},
              "uuid": "ab278a7c-3ca4-439e-bb1f-1ef6d461a116",
              "parentUUID": "eaa1754c-eebd-47d7-b563-701ebaa53107",
              "isHook": false,
              "skipped": false
            },
            {
              "title": "deve exibir erro ao tentar cadastrar com nome e email contendo caracteres especiais @ui @cadastro @error @caracteresEspeciais @possivelBug",
              "fullTitle": "Cadastro de Usuários - UI Tests deve exibir erro ao tentar cadastrar com nome e email contendo caracteres especiais @ui @cadastro @error @caracteresEspeciais @possivelBug",
              "timedOut": null,
              "duration": 3229,
              "state": "passed",
              "speed": "fast",
              "pass": true,
              "fail": false,
              "pending": false,
              "context": null,
              "code": "const usuarioComNomeEEmailEspeciais = {\n  nome: 'João@#',\n  email: 'email#invalido.com@teste.com',\n  senha: _faker.faker.internet.password({\n    length: 8\n  })\n};\n_cadastroUsuarioPage.default.fillNome(usuarioComNomeEEmailEspeciais.nome);\n_cadastroUsuarioPage.default.fillEmail(usuarioComNomeEEmailEspeciais.email);\n_cadastroUsuarioPage.default.fillPassword(usuarioComNomeEEmailEspeciais.senha);\n_cadastroUsuarioPage.default.clickCadastrar();\n// TODO: Verificar se o usuário foi cadastrado com sucesso - Implementação futura - Checkar com Dev team\n// Atualmente é possivel estar criando usuários com nome contendo caracteres especiais",
              "err": {},
              "uuid": "e1784143-34b8-40f3-9b87-8b46c61f270c",
              "parentUUID": "eaa1754c-eebd-47d7-b563-701ebaa53107",
              "isHook": false,
              "skipped": false
            }
          ],
          "suites": [],
          "passes": [
            "6fa5e0e3-268c-438a-9af5-728dbd9f1092",
            "e13fcfb4-f7dd-48ba-b617-aadd848ef0c1",
            "684d164f-bbd8-4b50-8b2c-5eebc139ea15",
            "ca7963cd-c8a4-4fd2-97fb-fd626b43c13e",
            "1c78d3c2-2b93-4794-81af-1a2a9ad3d176",
            "0965cf37-c96d-4f61-bb98-eb44588b62fd",
            "ab278a7c-3ca4-439e-bb1f-1ef6d461a116",
            "e1784143-34b8-40f3-9b87-8b46c61f270c"
          ],
          "failures": [],
          "pending": [],
          "skipped": [],
          "duration": 27586,
          "root": false,
          "rootEmpty": false,
          "_timeout": 2000
        }
      ],
      "passes": [],
      "failures": [],
      "pending": [],
      "skipped": [],
      "duration": 0,
      "root": true,
      "rootEmpty": true,
      "_timeout": 2000
    }
  ],
  "meta": {
    "mocha": {
      "version": "7.0.1"
    },
    "mochawesome": {
      "options": {
        "quiet": false,
        "reportFilename": "mochawesome",
        "saveHtml": true,
        "saveJson": true,
        "consoleReporter": "spec",
        "useInlineDiffs": false,
        "code": true
      },
      "version": "7.1.3"
    },
    "marge": {
      "options": {
        "reportDir": "cypress/reports",
        "overwrite": false,
        "html": true,
        "json": true
      },
      "version": "6.2.0"
    }
  }
}